<?xml version="1.0" encoding="UTF-8"?>
<!-- Generated by org.testng.reporters.JUnitReportReporter -->
<testsuite hostname="imajidsa" name="com.istar.Sample" tests="3" failures="0" timestamp="24 Mar 2018 07:52:52 GMT" time="27.400" errors="0">
  <testcase name="TestCase3" time="0.370" classname="com.istar.Sample"/>
  <testcase name="TestCase2" time="9.843" classname="com.istar.Sample"/>
  <testcase name="TestCase4" time="17.187" classname="com.istar.Sample"/>
</testsuite> <!-- com.istar.Sample -->
